2020-06-22 15:37:42,937 - log\train.log - INFO - model_type     :	idcnn
2020-06-22 15:37:42,937 - log\train.log - INFO - num_chars      :	3144
2020-06-22 15:37:42,937 - log\train.log - INFO - char_dim       :	100
2020-06-22 15:37:42,938 - log\train.log - INFO - num_tags       :	58
2020-06-22 15:37:42,938 - log\train.log - INFO - seg_dim        :	20
2020-06-22 15:37:42,938 - log\train.log - INFO - lstm_dim       :	100
2020-06-22 15:37:42,938 - log\train.log - INFO - batch_size     :	20.0
2020-06-22 15:37:42,938 - log\train.log - INFO - emb_file       :	D:\xftp_submit_file\Cner_v1\datas/emb_file\vec.txt
2020-06-22 15:37:42,938 - log\train.log - INFO - clip           :	5.0
2020-06-22 15:37:42,938 - log\train.log - INFO - dropout_keep   :	0.5
2020-06-22 15:37:42,938 - log\train.log - INFO - optimizer      :	adam
2020-06-22 15:37:42,938 - log\train.log - INFO - lr             :	0.001
2020-06-22 15:37:42,938 - log\train.log - INFO - tag_schema     :	iobes
2020-06-22 15:37:42,938 - log\train.log - INFO - pre_emb        :	True
2020-06-22 15:37:42,939 - log\train.log - INFO - zeros          :	True
2020-06-22 15:37:42,939 - log\train.log - INFO - lower          :	False
2020-06-22 15:37:44,252 - log\train.log - INFO - Created model with fresh parameters.
2020-06-22 15:37:44,752 - log\train.log - INFO - Load pre-trained embedding.
2020-06-22 15:37:44,753 - log\train.log - INFO - start training
2020-06-22 15:37:45,730 - log\train.log - INFO - iteration:1 step:5/1078, NER loss:119.570847
2020-06-22 15:37:46,565 - log\train.log - INFO - iteration:1 step:10/1078, NER loss:162.325043
2020-06-22 15:37:47,260 - log\train.log - INFO - iteration:1 step:15/1078, NER loss:148.154877
